{"total": {"lines":{"total":382,"covered":382,"skipped":0,"pct":100},"statements":{"total":382,"covered":382,"skipped":0,"pct":100},"functions":{"total":34,"covered":34,"skipped":0,"pct":100},"branches":{"total":93,"covered":93,"skipped":0,"pct":100},"branchesTrue":{"total":0,"covered":0,"skipped":0,"pct":"Unknown"}}
,"/home/luckify/Desktop/chessxu/dist-test/src/index.js": {"lines":{"total":382,"covered":382,"skipped":0,"pct":100},"functions":{"total":34,"covered":34,"skipped":0,"pct":100},"statements":{"total":382,"covered":382,"skipped":0,"pct":100},"branches":{"total":93,"covered":93,"skipped":0,"pct":100}}
}
