TN:
SF:dist-test/src/index.js
FN:81,parseContractId
FN:89,getContractAddress
FN:93,getContractName
FN:102,getErrorName
FN:106,isKnownError
FN:126,getErrorMessage
FN:136,isValidGameStatus
FN:140,getStatusName
FN:144,isAwaitingOpponent
FN:148,isGameActive
FN:152,isGameOver
FN:163,getWinner
FN:176,gameResultText
FN:195,opponentOf
FN:202,colorOf
FN:210,isPlayer
FN:217,isPlayersTurn
FN:232,isValidStacksAddress
FN:236,isMainnetAddress
FN:240,isTestnetAddress
FN:248,isValidWager
FN:252,assertValidWager
FN:268,formatChess
FN:285,parseChess
FN:304,txExplorerUrl
FN:309,addressExplorerUrl
FN:316,contractExplorerUrl
FN:327,parseClarityErrorCode
FN:335,describeError
FN:345,ChessxuError
FN:352,fromClarity
FN:367,isStartingPosition
FN:371,activeColorFromFen
FN:380,turnMatchesBoard
FNF:34
FNH:34
FNDA:10,parseContractId
FNDA:1,getContractAddress
FNDA:2,getContractName
FNDA:8,getErrorName
FNDA:3,isKnownError
FNDA:7,getErrorMessage
FNDA:3,isValidGameStatus
FNDA:2,getStatusName
FNDA:6,isAwaitingOpponent
FNDA:10,isGameActive
FNDA:12,isGameOver
FNDA:5,getWinner
FNDA:7,gameResultText
FNDA:6,opponentOf
FNDA:9,colorOf
FNDA:3,isPlayer
FNDA:4,isPlayersTurn
FNDA:10,isValidStacksAddress
FNDA:2,isMainnetAddress
FNDA:2,isTestnetAddress
FNDA:10,isValidWager
FNDA:3,assertValidWager
FNDA:11,formatChess
FNDA:12,parseChess
FNDA:2,txExplorerUrl
FNDA:1,addressExplorerUrl
FNDA:2,contractExplorerUrl
FNDA:6,parseClarityErrorCode
FNDA:2,describeError
FNDA:3,ChessxuError
FNDA:2,fromClarity
FNDA:3,isStartingPosition
FNDA:6,activeColorFromFen
FNDA:3,turnMatchesBoard
DA:1,11
DA:2,11
DA:3,11
DA:4,11
DA:5,11
DA:6,11
DA:7,11
DA:8,11
DA:9,11
DA:10,11
DA:11,11
DA:12,11
DA:13,11
DA:14,11
DA:15,11
DA:16,11
DA:17,11
DA:18,11
DA:19,11
DA:20,11
DA:21,11
DA:22,11
DA:23,11
DA:24,11
DA:25,11
DA:26,11
DA:27,11
DA:28,11
DA:29,11
DA:30,11
DA:31,11
DA:32,11
DA:33,11
DA:34,11
DA:35,11
DA:36,11
DA:37,11
DA:38,11
DA:39,11
DA:40,11
DA:41,11
DA:42,11
DA:43,11
DA:44,11
DA:45,11
DA:46,11
DA:47,11
DA:48,11
DA:49,11
DA:50,11
DA:51,11
DA:52,11
DA:53,11
DA:54,11
DA:55,11
DA:56,11
DA:57,11
DA:58,11
DA:59,11
DA:60,11
DA:61,11
DA:62,11
DA:63,11
DA:64,11
DA:65,11
DA:66,11
DA:67,11
DA:68,11
DA:69,11
DA:70,11
DA:71,11
DA:72,11
DA:73,11
DA:74,11
DA:75,11
DA:76,11
DA:77,11
DA:78,11
DA:79,11
DA:80,11
DA:81,10
DA:82,10
DA:83,10
DA:84,4
DA:85,4
DA:86,6
DA:87,10
DA:88,11
DA:89,1
DA:90,1
DA:91,1
DA:92,11
DA:93,2
DA:94,2
DA:95,2
DA:96,11
DA:97,11
DA:98,11
DA:99,11
DA:100,11
DA:101,11
DA:102,8
DA:103,8
DA:104,8
DA:105,11
DA:106,3
DA:107,3
DA:108,3
DA:109,11
DA:110,11
DA:111,11
DA:112,11
DA:113,11
DA:114,11
DA:115,11
DA:116,11
DA:117,11
DA:118,11
DA:119,11
DA:120,11
DA:121,11
DA:122,11
DA:123,11
DA:124,11
DA:125,11
DA:126,7
DA:127,7
DA:128,7
DA:129,7
DA:130,11
DA:131,11
DA:132,11
DA:133,11
DA:134,11
DA:135,11
DA:136,3
DA:137,3
DA:138,3
DA:139,11
DA:140,2
DA:141,2
DA:142,2
DA:143,11
DA:144,6
DA:145,6
DA:146,6
DA:147,11
DA:148,10
DA:149,10
DA:150,10
DA:151,11
DA:152,12
DA:153,12
DA:154,12
DA:155,12
DA:156,12
DA:157,12
DA:158,11
DA:159,11
DA:160,11
DA:161,11
DA:162,11
DA:163,5
DA:164,5
DA:165,5
DA:166,1
DA:167,5
DA:168,1
DA:169,5
DA:170,1
DA:171,5
DA:172,2
DA:173,5
DA:174,5
DA:175,11
DA:176,7
DA:177,7
DA:178,7
DA:179,1
DA:180,7
DA:181,1
DA:182,7
DA:183,1
DA:184,7
DA:185,1
DA:186,7
DA:187,1
DA:188,7
DA:189,1
DA:190,7
DA:191,1
DA:192,7
DA:193,7
DA:194,11
DA:195,6
DA:196,6
DA:197,6
DA:198,11
DA:199,11
DA:200,11
DA:201,11
DA:202,9
DA:203,9
DA:204,9
DA:205,6
DA:206,9
DA:207,3
DA:208,9
DA:209,11
DA:210,3
DA:211,3
DA:212,3
DA:213,11
DA:214,11
DA:215,11
DA:216,11
DA:217,4
DA:218,4
DA:219,4
DA:220,3
DA:221,4
DA:222,11
DA:223,11
DA:224,11
DA:225,11
DA:226,11
DA:227,11
DA:228,11
DA:229,11
DA:230,11
DA:231,11
DA:232,10
DA:233,10
DA:234,10
DA:235,11
DA:236,2
DA:237,2
DA:238,2
DA:239,11
DA:240,2
DA:241,2
DA:242,2
DA:243,11
DA:244,11
DA:245,11
DA:246,11
DA:247,11
DA:248,10
DA:249,10
DA:250,10
DA:251,11
DA:252,3
DA:253,3
DA:254,2
DA:255,2
DA:256,3
DA:257,11
DA:258,11
DA:259,11
DA:260,11
DA:261,11
DA:262,11
DA:263,11
DA:264,11
DA:265,11
DA:266,11
DA:267,11
DA:268,11
DA:269,11
DA:270,1
DA:271,1
DA:272,10
DA:273,10
DA:274,10
DA:275,10
DA:276,10
DA:277,11
DA:278,11
DA:279,11
DA:280,11
DA:281,11
DA:282,11
DA:283,11
DA:284,11
DA:285,12
DA:286,12
DA:287,12
DA:288,2
DA:289,2
DA:290,10
DA:291,12
DA:292,1
DA:293,1
DA:294,9
DA:295,9
DA:296,12
DA:297,12
DA:298,11
DA:299,11
DA:300,11
DA:301,11
DA:302,11
DA:303,11
DA:304,2
DA:305,2
DA:306,2
DA:307,2
DA:308,11
DA:309,1
DA:310,1
DA:311,1
DA:312,11
DA:313,11
DA:314,11
DA:315,11
DA:316,2
DA:317,2
DA:318,2
DA:319,2
DA:320,11
DA:321,11
DA:322,11
DA:323,11
DA:324,11
DA:325,11
DA:326,11
DA:327,6
DA:328,6
DA:329,6
DA:330,6
DA:331,11
DA:332,11
DA:333,11
DA:334,11
DA:335,2
DA:336,2
DA:337,2
DA:338,2
DA:339,2
DA:340,11
DA:341,11
DA:342,11
DA:343,11
DA:344,11
DA:345,11
DA:346,3
DA:347,3
DA:348,3
DA:349,3
DA:350,3
DA:351,11
DA:352,11
DA:353,2
DA:354,2
DA:355,2
DA:356,11
DA:357,11
DA:358,11
DA:359,11
DA:360,11
DA:361,11
DA:362,11
DA:363,11
DA:364,11
DA:365,11
DA:366,11
DA:367,3
DA:368,3
DA:369,3
DA:370,11
DA:371,6
DA:372,6
DA:373,6
DA:374,6
DA:375,6
DA:376,11
DA:377,11
DA:378,11
DA:379,11
DA:380,3
DA:381,3
DA:382,3
LF:382
LH:382
BRDA:1,0,0,11
BRDA:81,1,0,10
BRDA:83,2,0,7
BRDA:83,3,0,9
BRDA:83,4,0,4
BRDA:86,5,0,6
BRDA:89,6,0,1
BRDA:93,7,0,2
BRDA:100,8,0,110
BRDA:102,9,0,8
BRDA:106,10,0,3
BRDA:126,11,0,7
BRDA:128,12,0,4
BRDA:128,13,0,3
BRDA:134,14,0,66
BRDA:136,15,0,3
BRDA:140,16,0,2
BRDA:144,17,0,6
BRDA:148,18,0,10
BRDA:152,19,0,12
BRDA:153,20,0,10
BRDA:154,21,0,8
BRDA:155,22,0,6
BRDA:163,23,0,5
BRDA:165,24,0,1
BRDA:167,25,0,1
BRDA:169,26,0,1
BRDA:171,27,0,2
BRDA:176,28,0,7
BRDA:178,29,0,1
BRDA:180,30,0,1
BRDA:182,31,0,1
BRDA:184,32,0,1
BRDA:186,33,0,1
BRDA:188,34,0,1
BRDA:190,35,0,1
BRDA:195,36,0,6
BRDA:196,37,0,3
BRDA:196,38,0,3
BRDA:202,39,0,9
BRDA:204,40,0,3
BRDA:205,41,0,6
BRDA:206,42,0,3
BRDA:210,43,0,3
BRDA:217,44,0,4
BRDA:219,45,0,1
BRDA:220,46,0,3
BRDA:232,47,0,10
BRDA:236,48,0,2
BRDA:237,49,0,1
BRDA:240,50,0,2
BRDA:241,51,0,1
BRDA:248,52,0,10
BRDA:249,53,0,7
BRDA:252,54,0,3
BRDA:253,55,0,2
BRDA:268,56,0,11
BRDA:269,57,0,1
BRDA:272,58,0,10
BRDA:277,59,0,6
BRDA:277,60,0,4
BRDA:278,61,0,1
BRDA:278,62,0,9
BRDA:285,63,0,12
BRDA:287,64,0,2
BRDA:290,65,0,10
BRDA:291,66,0,1
BRDA:294,67,0,9
BRDA:296,68,0,1
BRDA:296,69,0,8
BRDA:304,70,0,2
BRDA:305,71,0,1
BRDA:305,72,0,1
BRDA:309,73,0,1
BRDA:316,74,0,2
BRDA:327,75,0,6
BRDA:329,76,0,3
BRDA:329,77,0,3
BRDA:335,78,0,2
BRDA:338,79,0,1
BRDA:338,80,0,1
BRDA:345,81,0,3
BRDA:349,82,0,2
BRDA:349,83,0,1
BRDA:352,84,0,2
BRDA:354,85,0,1
BRDA:354,86,0,1
BRDA:367,87,0,3
BRDA:371,88,0,6
BRDA:374,89,0,3
BRDA:374,90,0,4
BRDA:374,91,0,2
BRDA:380,92,0,3
BRF:93
BRH:93
end_of_record
